http://ccsl.ime.usp.br
http://cmmr2016.ime.usp.br/
http://matemateca.ime.usp.br/
http://sistemas.ime.usp.br
http://www.cec.ime.usp.br/
http://www.icm2018.org/portal/conteudo.php?pag=inc.principal_
http://www.ime.usp.br/
http://www.ime.usp.br/acervovirtual/
http://www.ime.usp.br/assessoria
http://www.ime.usp.br/ativestat
http://www.ime.usp.br/be
http://www.ime.usp.br/bib
http://www.ime.usp.br/bm
http://www.ime.usp.br/cache/lofthumbs/60x60-2ei.png
http://www.ime.usp.br/cache/lofthumbs/60x60-IMEmorias-700x300.jpg
http://www.ime.usp.br/cache/lofthumbs/60x60-concurso-processo-seletivo-docentes.png
http://www.ime.usp.br/cache/lofthumbs/60x60-mapeamento-empreendedores.png
http://www.ime.usp.br/cache/lofthumbs/60x60-siicusp.png
http://www.ime.usp.br/cache/lofthumbs/700x300-2ei.png
http://www.ime.usp.br/cache/lofthumbs/700x300-IMEmorias-700x300.jpg
http://www.ime.usp.br/cache/lofthumbs/700x300-concurso-processo-seletivo-docentes.png
http://www.ime.usp.br/cache/lofthumbs/700x300-mapeamento-empreendedores.png
http://www.ime.usp.br/cache/lofthumbs/700x300-siicusp.png
http://www.ime.usp.br/caem/
http://www.ime.usp.br/cex
http://www.ime.usp.br/com/webmaster
http://www.ime.usp.br/comunicacao/album-de-fotos?lang=pt-br
http://www.ime.usp.br/comunicacao/defesas/cat.listevents/
http://www.ime.usp.br/comunicacao/defesas/icalrepeat.detail/2016/06/27/1825/65|66|74|76|87|88|101|102|117|118|119|120/mestrado-uma-analise-critica-de-um-recurso-educacional-aberto-digital-concebido-para-o-ensino-aprendizagem-da-estatistica-no-ensino-medio?lang=pt-br
http://www.ime.usp.br/comunicacao/defesas/icalrepeat.detail/2016/06/28/1807/65|66|74|76|87|88|101|102|117|118|119|120/doutorado-selecao-de-modelos-para-campos-aleatorios-markovianos-discretos-sobre-grafos?lang=pt-br
http://www.ime.usp.br/comunicacao/defesas/icalrepeat.detail/2016/06/28/1827/65|66|74|76|87|88|101|102|117|118|119|120/mestrado-transformacoes-geometricas-planas-um-estudo-experimental-e-dinamico?lang=pt-br
http://www.ime.usp.br/comunicacao/eventos/cat.listevents/
http://www.ime.usp.br/comunicacao/eventos/icalrepeat.detail/2016/06/16/1830/55|60|61|62|63|64|67|68|70|71|72|73|75|77|78|79|80|81|82|84|85|89|90|91|92|93|94|95|97|98|99|100/homenagem-a-profa-elza-gomide?lang=pt-br
http://www.ime.usp.br/comunicacao/eventos/icalrepeat.detail/2016/06/16/1832/55|60|61|62|63|64|67|68|70|71|72|73|75|77|78|79|80|81|82|84|85|89|90|91|92|93|94|95|97|98|99|100/dcc-liamf-fundamentos-morais-um-modelo-baseado-em-agentes?lang=pt-br
http://www.ime.usp.br/comunicacao/eventos/icalrepeat.detail/2016/06/17/1831/55|60|61|62|63|64|67|68|70|71|72|73|75|77|78|79|80|81|82|84|85|89|90|91|92|93|94|95|97|98|99|100/projeto-tematico-modelos-de-regressao-e-aplicacoes-uma-analise-sobre-duas-medidas-de-evidencia-p-valor-e-s-valor?lang=pt-br
http://www.ime.usp.br/comunicacao/noticias
http://www.ime.usp.br/comunicacao/noticias/ameaca-seg
http://www.ime.usp.br/comunicacao/noticias/map-poli
http://www.ime.usp.br/concursos
http://www.ime.usp.br/contatos
http://www.ime.usp.br/contatos/ouvidoria
http://www.ime.usp.br/crint
http://www.ime.usp.br/dcc
http://www.ime.usp.br/dcc/grad
http://www.ime.usp.br/dcc/pos
http://www.ime.usp.br/destaque/imemorias
http://www.ime.usp.br/destaques/concursos
http://www.ime.usp.br/en
http://www.ime.usp.br/grad
http://www.ime.usp.br/index.php?option=com_content&amp;view=article&amp;id=1010&amp;catid=20&amp;Itemid=450&amp;lang=pt-br
http://www.ime.usp.br/index.php?option=com_content&amp;view=article&amp;id=1018&amp;catid=20&amp;Itemid=450&amp;lang=pt-br
http://www.ime.usp.br/index.php?option=com_content&amp;view=article&amp;id=1024&amp;catid=20&amp;Itemid=450&amp;lang=pt-br
http://www.ime.usp.br/index.php?option=com_content&amp;view=article&amp;id=1027&amp;catid=20&amp;Itemid=450&amp;lang=pt-br
http://www.ime.usp.br/index.php?option=com_content&amp;view=article&amp;id=1028&amp;catid=20&amp;Itemid=450&amp;lang=pt-br
http://www.ime.usp.br/index.php?option=com_content&amp;view=article&amp;id=1037&amp;catid=20&amp;Itemid=880&amp;lang=pt-br
http://www.ime.usp.br/index.php?option=com_content&amp;view=article&amp;id=1041&amp;catid=20&amp;Itemid=450&amp;lang=pt-br
http://www.ime.usp.br/index.php?option=com_content&amp;view=article&amp;id=1042&amp;catid=20&amp;Itemid=450&amp;lang=pt-br
http://www.ime.usp.br/index.php?option=com_content&amp;view=article&amp;id=1045&amp;catid=20&amp;Itemid=450&amp;lang=pt-br
http://www.ime.usp.br/index.php?option=com_content&amp;view=article&amp;id=1053&amp;catid=20&amp;Itemid=450&amp;lang=pt-br
http://www.ime.usp.br/index.php?option=com_content&amp;view=article&amp;id=1054&amp;catid=20&amp;Itemid=450&amp;lang=pt-br
http://www.ime.usp.br/index.php?option=com_content&amp;view=article&amp;id=1055&amp;catid=20&amp;Itemid=450&amp;lang=pt-br
http://www.ime.usp.br/index.php?option=com_content&amp;view=article&amp;id=1063&amp;catid=20&amp;Itemid=450&amp;lang=pt-br
http://www.ime.usp.br/index.php?option=com_content&amp;view=article&amp;id=1065&amp;catid=20&amp;Itemid=450&amp;lang=pt-br
http://www.ime.usp.br/index.php?option=com_content&amp;view=article&amp;id=1072&amp;catid=20&amp;Itemid=450&amp;lang=pt-br
http://www.ime.usp.br/index.php?option=com_content&amp;view=article&amp;id=1075&amp;catid=20&amp;Itemid=450&amp;lang=pt-br
http://www.ime.usp.br/index.php?option=com_content&amp;view=article&amp;id=1076&amp;catid=20&amp;Itemid=450&amp;lang=pt-br
http://www.ime.usp.br/index.php?option=com_content&amp;view=article&amp;id=1078&amp;catid=20&amp;Itemid=450&amp;lang=pt-br
http://www.ime.usp.br/index.php?option=com_content&amp;view=article&amp;id=1079&amp;catid=20&amp;Itemid=450&amp;lang=pt-br
http://www.ime.usp.br/index.php?option=com_content&amp;view=article&amp;id=1080&amp;catid=20&amp;Itemid=450&amp;lang=pt-br
http://www.ime.usp.br/index.php?option=com_content&amp;view=article&amp;id=1081&amp;catid=20&amp;Itemid=450&amp;lang=pt-br
http://www.ime.usp.br/index.php?option=com_content&amp;view=article&amp;id=1086&amp;catid=20&amp;Itemid=450&amp;lang=pt-br
http://www.ime.usp.br/index.php?option=com_content&amp;view=article&amp;id=1087&amp;catid=20&amp;Itemid=450&amp;lang=pt-br
http://www.ime.usp.br/index.php?option=com_content&amp;view=article&amp;id=1088&amp;catid=20&amp;Itemid=450&amp;lang=pt-br
http://www.ime.usp.br/index.php?option=com_content&amp;view=article&amp;id=1092&amp;catid=20&amp;Itemid=450&amp;lang=pt-br
http://www.ime.usp.br/index.php?option=com_content&amp;view=article&amp;id=1095&amp;catid=20&amp;Itemid=450&amp;lang=pt-br
http://www.ime.usp.br/index.php?option=com_content&amp;view=article&amp;id=1098&amp;catid=20&amp;Itemid=450&amp;lang=pt-br
http://www.ime.usp.br/index.php?option=com_content&amp;view=article&amp;id=1099&amp;catid=20&amp;Itemid=450&amp;lang=pt-br
http://www.ime.usp.br/index.php?option=com_content&amp;view=article&amp;id=1100&amp;catid=20&amp;Itemid=450&amp;lang=pt-br
http://www.ime.usp.br/index.php?option=com_content&amp;view=article&amp;id=1130&amp;catid=20&amp;Itemid=450&amp;lang=pt-br
http://www.ime.usp.br/index.php?option=com_content&amp;view=article&amp;id=1176&amp;catid=20&amp;Itemid=450&amp;lang=pt-br
http://www.ime.usp.br/index.php?option=com_content&amp;view=article&amp;id=1180&amp;catid=20&amp;Itemid=1006&amp;lang=pt-br
http://www.ime.usp.br/index.php?option=com_content&amp;view=article&amp;id=1181&amp;catid=20&amp;Itemid=450&amp;lang=pt-br
http://www.ime.usp.br/index.php?option=com_content&amp;view=article&amp;id=1216&amp;catid=20&amp;Itemid=450&amp;lang=pt-br
http://www.ime.usp.br/index.php?option=com_content&amp;view=article&amp;id=1234&amp;catid=20&amp;Itemid=450&amp;lang=pt-br
http://www.ime.usp.br/index.php?option=com_content&amp;view=article&amp;id=1249&amp;catid=19&amp;Itemid=1038&amp;lang=pt-br
http://www.ime.usp.br/index.php?option=com_content&amp;view=article&amp;id=1273&amp;catid=20&amp;Itemid=450&amp;lang=pt-br
http://www.ime.usp.br/index.php?option=com_content&amp;view=article&amp;id=1282&amp;catid=19&amp;Itemid=1047&amp;lang=pt-br
http://www.ime.usp.br/index.php?option=com_content&amp;view=article&amp;id=216&amp;catid=20&amp;Itemid=229&amp;lang=pt-br
http://www.ime.usp.br/index.php?option=com_content&amp;view=article&amp;id=218&amp;catid=20&amp;Itemid=232&amp;lang=pt-br
http://www.ime.usp.br/index.php?option=com_content&amp;view=article&amp;id=220&amp;catid=20&amp;Itemid=226&amp;lang=pt-br
http://www.ime.usp.br/index.php?option=com_content&amp;view=article&amp;id=221&amp;catid=20&amp;Itemid=224&amp;lang=pt-br
http://www.ime.usp.br/index.php?option=com_content&amp;view=article&amp;id=223&amp;catid=20&amp;Itemid=228&amp;lang=pt-br
http://www.ime.usp.br/index.php?option=com_content&amp;view=article&amp;id=224&amp;catid=20&amp;Itemid=230&amp;lang=pt-br
http://www.ime.usp.br/index.php?option=com_content&amp;view=article&amp;id=225&amp;catid=20&amp;Itemid=231&amp;lang=pt-br
http://www.ime.usp.br/index.php?option=com_content&amp;view=article&amp;id=227&amp;Itemid=302&amp;lang=pt-br&amp;catid=8
http://www.ime.usp.br/index.php?option=com_content&amp;view=article&amp;id=827&amp;catid=20&amp;Itemid=450&amp;lang=pt-br
http://www.ime.usp.br/index.php?option=com_content&amp;view=article&amp;id=841&amp;catid=20&amp;Itemid=450&amp;lang=pt-br
http://www.ime.usp.br/index.php?option=com_content&amp;view=article&amp;id=842&amp;catid=20&amp;Itemid=450&amp;lang=pt-br
http://www.ime.usp.br/index.php?option=com_content&amp;view=article&amp;id=843&amp;catid=20&amp;Itemid=450&amp;lang=pt-br
http://www.ime.usp.br/index.php?option=com_content&amp;view=article&amp;id=861&amp;catid=20&amp;Itemid=450&amp;lang=pt-br
http://www.ime.usp.br/index.php?option=com_content&amp;view=article&amp;id=862&amp;catid=20&amp;Itemid=450&amp;lang=pt-br
http://www.ime.usp.br/index.php?option=com_content&amp;view=article&amp;id=863&amp;catid=20&amp;Itemid=450&amp;lang=pt-br
http://www.ime.usp.br/index.php?option=com_content&amp;view=article&amp;id=864&amp;catid=20&amp;Itemid=450&amp;lang=pt-br
http://www.ime.usp.br/index.php?option=com_content&amp;view=article&amp;id=865&amp;catid=20&amp;Itemid=450&amp;lang=pt-br
http://www.ime.usp.br/index.php?option=com_content&amp;view=article&amp;id=878&amp;catid=20&amp;Itemid=450&amp;lang=pt-br
http://www.ime.usp.br/index.php?option=com_content&amp;view=article&amp;id=879&amp;catid=20&amp;Itemid=450&amp;lang=pt-br
http://www.ime.usp.br/index.php?option=com_content&amp;view=article&amp;id=884&amp;catid=20&amp;Itemid=450&amp;lang=pt-br
http://www.ime.usp.br/index.php?option=com_content&amp;view=article&amp;id=886&amp;catid=20&amp;Itemid=450&amp;lang=pt-br
http://www.ime.usp.br/index.php?option=com_content&amp;view=article&amp;id=926&amp;catid=20&amp;Itemid=450&amp;lang=pt-br
http://www.ime.usp.br/index.php?option=com_content&amp;view=article&amp;id=940&amp;catid=20&amp;Itemid=757&amp;lang=pt-br
http://www.ime.usp.br/index.php?option=com_content&amp;view=article&amp;id=942&amp;catid=20&amp;Itemid=450&amp;lang=pt-br
http://www.ime.usp.br/index.php?option=com_content&amp;view=article&amp;id=978&amp;catid=20&amp;Itemid=450&amp;lang=pt-br
http://www.ime.usp.br/index.php?option=com_content&amp;view=article&amp;id=980&amp;catid=20&amp;Itemid=450&amp;lang=pt-br
http://www.ime.usp.br/index.php?option=com_content&amp;view=article&amp;id=982&amp;catid=20&amp;Itemid=450&amp;lang=pt-br
http://www.ime.usp.br/index.php?option=com_content&amp;view=article&amp;id=987&amp;catid=19&amp;Itemid=836&amp;lang=pt-br
http://www.ime.usp.br/index.php?option=com_content&amp;view=article&amp;id=988&amp;catid=20&amp;Itemid=450&amp;lang=pt-br
http://www.ime.usp.br/index.php?option=com_search&amp;view=article&amp;id=191&amp;Itemid=258&amp;format=opensearch&amp;lang=pt-br
http://www.ime.usp.br/instituto
http://www.ime.usp.br/javascript:void(0);
http://www.ime.usp.br/lm
http://www.ime.usp.br/localizacao
http://www.ime.usp.br/mae
http://www.ime.usp.br/mae/pos
http://www.ime.usp.br/map
http://www.ime.usp.br/map/grad
http://www.ime.usp.br/map/pos
http://www.ime.usp.br/mat
http://www.ime.usp.br/mat/pos
http://www.ime.usp.br/media/mod_languages/css/template.css
http://www.ime.usp.br/modules/mod_ariextmenu/mod_ariextmenu/js/css/menu.fix.css
http://www.ime.usp.br/modules/mod_ariextmenu/mod_ariextmenu/js/css/menu.ie.min.css
http://www.ime.usp.br/modules/mod_ariextmenu/mod_ariextmenu/js/css/menu.min.css
http://www.ime.usp.br/modules/mod_latestnewsenhanced/style.css.php?security=1&amp;suffix=88&amp;item_w=100&amp;font_s=14
http://www.ime.usp.br/modules/mod_lofarticlesslideshow/assets/jstyle.css
http://www.ime.usp.br/pesquisa
http://www.ime.usp.br/pos
http://www.ime.usp.br/posbioinfo/
http://www.ime.usp.br/posmpemat
http://www.ime.usp.br/sobre/acontecenoime
http://www.ime.usp.br/templates/ime_usp/css/template.css
http://www.ime.usp.br/templates/system/css/system.css
http://www.ime.usp.br/tourvirtual/
http://www.ime.usp.br/vestibulando
http://www.ime.usp.br/~cea/
http://www.numec.prp.usp.br/
http://www.transparencia.usp.br/
http://www.uspvirtual.usp.br/
http://www.w3.org/1999/xhtml
http://www.w3.org/TR/xhtml1/DTD/xhtml1-transitional.dtd
http://www5.usp.br/
https://linux.ime.usp.br/
https://twitter.com/usp_ime
https://uspdigital.usp.br/
https://webmail.ime.usp.br/
https://www.facebook.com/imeusp
